20131025 22:10:10.7593 2 53 Error FileBasedFunctionProvider  Error instantiating ProjectGallery function
20131025 22:10:10.7683 2 53 Error FileBasedFunctionProvider  System.Web.HttpParseException (0x80004005): The code block is missing a closing "}" character.  Make sure you have a matching "}" character for all the "{" characters within this block, and that none of the "}" characters are being interpreted as markup.

   at System.Web.WebPages.Razor.RazorBuildProvider.EnsureGeneratedCode()
   at System.Web.WebPages.Razor.RazorBuildProvider.get_CodeCompilerType()
   at System.Web.Compilation.BuildProvider.GetCompilerTypeFromBuildProvider(BuildProvider buildProvider)
   at System.Web.Compilation.BuildProvidersCompiler.ProcessBuildProviders()
   at System.Web.Compilation.BuildProvidersCompiler.PerformBuild()
   at System.Web.Compilation.BuildManager.CompileWebFile(VirtualPath virtualPath)
   at System.Web.Compilation.BuildManager.GetVPathBuildResultInternal(VirtualPath virtualPath, Boolean noBuild, Boolean allowCrossApp, Boolean allowBuildInPrecompile, Boolean throwIfNotFound, Boolean ensureIsUpToDate)
   at System.Web.Compilation.BuildManager.GetVPathBuildResultWithNoAssert(HttpContext context, VirtualPath virtualPath, Boolean noBuild, Boolean allowCrossApp, Boolean allowBuildInPrecompile, Boolean throwIfNotFound, Boolean ensureIsUpToDate)
   at System.Web.Compilation.BuildManager.GetVirtualPathObjectFactory(VirtualPath virtualPath, HttpContext context, Boolean allowCrossApp, Boolean throwIfNotFound)
   at System.Web.Compilation.BuildManager.CreateInstanceFromVirtualPath(VirtualPath virtualPath, Type requiredBaseType, HttpContext context, Boolean allowCrossApp)
   at System.Web.Compilation.BuildManager.CreateInstanceFromVirtualPath(String virtualPath, Type requiredBaseType)
   at System.Web.WebPages.BuildManagerWrapper.CreateInstanceOfType[T](String virtualPath)
   at System.Web.WebPages.VirtualPathFactoryExtensions.CreateInstance[T](IVirtualPathFactory factory, String virtualPath)
   at System.Web.WebPages.VirtualPathFactoryManager.CreateInstanceOfType[T](String virtualPath)
   at System.Web.WebPages.VirtualPathFactoryExtensions.CreateInstance[T](IVirtualPathFactory factory, String virtualPath)
   at System.Web.WebPages.WebPageBase.CreateInstanceFromVirtualPath(String virtualPath, IVirtualPathFactory virtualPathFactory)
   at Composite.Plugins.Functions.FunctionProviders.RazorFunctionProvider.RazorFunctionProvider.InstantiateFunction(String virtualPath, String namespace, String name)
   at Composite.Plugins.Functions.FunctionProviders.FileBasedFunctionProvider.FileBasedFunctionProvider`1.get_Functions()
20131025 22:10:13.4744 2 49 Error PageRenderer  Failed to execute function: Rain.ProjectGallery
20131025 22:10:13.4764 2 49 Error PageRenderer  System.InvalidOperationException: Failed to get value for function 'Rain.ProjectGallery' ---> System.Web.HttpParseException: The code block is missing a closing "}" character.  Make sure you have a matching "}" character for all the "{" characters within this block, and that none of the "}" characters are being interpreted as markup.

   at Composite.Plugins.Functions.FunctionProviders.FileBasedFunctionProvider.NotLoadedFileBasedFunction`1.Execute(ParameterList parameters, FunctionContextContainer context)
   at Composite.Functions.Foundation.PluginFacades.FunctionWrapper.Execute(ParameterList parameters, FunctionContextContainer context)
   at Composite.Functions.FunctionRuntimeTreeNode.GetValue(FunctionContextContainer contextContainer)
   --- End of inner exception stack trace ---
   at Composite.Functions.FunctionRuntimeTreeNode.GetValue(FunctionContextContainer contextContainer)
   at Composite.Core.WebClient.Renderings.Page.PageRenderer.<>c__DisplayClass19.<ExecuteEmbeddedFunctions>b__15(Int32 i)
20131025 22:10:13.4764 2 49 Error PageRenderer | INNER  System.Web.HttpParseException (0x80004005): The code block is missing a closing "}" character.  Make sure you have a matching "}" character for all the "{" characters within this block, and that none of the "}" characters are being interpreted as markup.

   at Composite.Plugins.Functions.FunctionProviders.FileBasedFunctionProvider.NotLoadedFileBasedFunction`1.Execute(ParameterList parameters, FunctionContextContainer context)
   at Composite.Functions.Foundation.PluginFacades.FunctionWrapper.Execute(ParameterList parameters, FunctionContextContainer context)
   at Composite.Functions.FunctionRuntimeTreeNode.GetValue(FunctionContextContainer contextContainer)
20131025 22:13:12.7427 2 61 Error FileBasedFunctionProvider  Error instantiating ProjectGallery function
20131025 22:13:12.7437 2 61 Error FileBasedFunctionProvider  System.Web.HttpParseException (0x80004005): The code block is missing a closing "}" character.  Make sure you have a matching "}" character for all the "{" characters within this block, and that none of the "}" characters are being interpreted as markup.

   at System.Web.WebPages.Razor.RazorBuildProvider.EnsureGeneratedCode()
   at System.Web.WebPages.Razor.RazorBuildProvider.get_CodeCompilerType()
   at System.Web.Compilation.BuildProvider.GetCompilerTypeFromBuildProvider(BuildProvider buildProvider)
   at System.Web.Compilation.BuildProvidersCompiler.ProcessBuildProviders()
   at System.Web.Compilation.BuildProvidersCompiler.PerformBuild()
   at System.Web.Compilation.BuildManager.CompileWebFile(VirtualPath virtualPath)
   at System.Web.Compilation.BuildManager.GetVPathBuildResultInternal(VirtualPath virtualPath, Boolean noBuild, Boolean allowCrossApp, Boolean allowBuildInPrecompile, Boolean throwIfNotFound, Boolean ensureIsUpToDate)
   at System.Web.Compilation.BuildManager.GetVPathBuildResultWithNoAssert(HttpContext context, VirtualPath virtualPath, Boolean noBuild, Boolean allowCrossApp, Boolean allowBuildInPrecompile, Boolean throwIfNotFound, Boolean ensureIsUpToDate)
   at System.Web.Compilation.BuildManager.GetVirtualPathObjectFactory(VirtualPath virtualPath, HttpContext context, Boolean allowCrossApp, Boolean throwIfNotFound)
   at System.Web.Compilation.BuildManager.CreateInstanceFromVirtualPath(VirtualPath virtualPath, Type requiredBaseType, HttpContext context, Boolean allowCrossApp)
   at System.Web.Compilation.BuildManager.CreateInstanceFromVirtualPath(String virtualPath, Type requiredBaseType)
   at System.Web.WebPages.BuildManagerWrapper.CreateInstanceOfType[T](String virtualPath)
   at System.Web.WebPages.VirtualPathFactoryExtensions.CreateInstance[T](IVirtualPathFactory factory, String virtualPath)
   at System.Web.WebPages.VirtualPathFactoryManager.CreateInstanceOfType[T](String virtualPath)
   at System.Web.WebPages.VirtualPathFactoryExtensions.CreateInstance[T](IVirtualPathFactory factory, String virtualPath)
   at System.Web.WebPages.WebPageBase.CreateInstanceFromVirtualPath(String virtualPath, IVirtualPathFactory virtualPathFactory)
   at Composite.Plugins.Functions.FunctionProviders.RazorFunctionProvider.RazorFunctionProvider.InstantiateFunction(String virtualPath, String namespace, String name)
   at Composite.Plugins.Functions.FunctionProviders.FileBasedFunctionProvider.FileBasedFunctionProvider`1.get_Functions()
20131025 22:13:14.8468 2 59 Error PageRenderer  Failed to execute function: Rain.ProjectGallery
20131025 22:13:14.8478 2 59 Error PageRenderer  System.InvalidOperationException: Failed to get value for function 'Rain.ProjectGallery' ---> System.Web.HttpParseException: The code block is missing a closing "}" character.  Make sure you have a matching "}" character for all the "{" characters within this block, and that none of the "}" characters are being interpreted as markup.

   at Composite.Plugins.Functions.FunctionProviders.FileBasedFunctionProvider.NotLoadedFileBasedFunction`1.Execute(ParameterList parameters, FunctionContextContainer context)
   at Composite.Functions.Foundation.PluginFacades.FunctionWrapper.Execute(ParameterList parameters, FunctionContextContainer context)
   at Composite.Functions.FunctionRuntimeTreeNode.GetValue(FunctionContextContainer contextContainer)
   --- End of inner exception stack trace ---
   at Composite.Functions.FunctionRuntimeTreeNode.GetValue(FunctionContextContainer contextContainer)
   at Composite.Core.WebClient.Renderings.Page.PageRenderer.<>c__DisplayClass19.<ExecuteEmbeddedFunctions>b__15(Int32 i)
20131025 22:13:14.8478 2 59 Error PageRenderer | INNER  System.Web.HttpParseException (0x80004005): The code block is missing a closing "}" character.  Make sure you have a matching "}" character for all the "{" characters within this block, and that none of the "}" characters are being interpreted as markup.

   at Composite.Plugins.Functions.FunctionProviders.FileBasedFunctionProvider.NotLoadedFileBasedFunction`1.Execute(ParameterList parameters, FunctionContextContainer context)
   at Composite.Functions.Foundation.PluginFacades.FunctionWrapper.Execute(ParameterList parameters, FunctionContextContainer context)
   at Composite.Functions.FunctionRuntimeTreeNode.GetValue(FunctionContextContainer contextContainer)
20131025 22:13:17.2840 2 57 Error PageRenderer  Failed to execute function: Rain.ProjectGallery
20131025 22:13:17.2850 2 57 Error PageRenderer  System.InvalidOperationException: Failed to get value for function 'Rain.ProjectGallery' ---> System.Web.HttpParseException: The code block is missing a closing "}" character.  Make sure you have a matching "}" character for all the "{" characters within this block, and that none of the "}" characters are being interpreted as markup.

   at Composite.Plugins.Functions.FunctionProviders.FileBasedFunctionProvider.NotLoadedFileBasedFunction`1.Execute(ParameterList parameters, FunctionContextContainer context)
   at Composite.Functions.Foundation.PluginFacades.FunctionWrapper.Execute(ParameterList parameters, FunctionContextContainer context)
   at Composite.Functions.FunctionRuntimeTreeNode.GetValue(FunctionContextContainer contextContainer)
   --- End of inner exception stack trace ---
   at Composite.Functions.FunctionRuntimeTreeNode.GetValue(FunctionContextContainer contextContainer)
   at Composite.Core.WebClient.Renderings.Page.PageRenderer.<>c__DisplayClass19.<ExecuteEmbeddedFunctions>b__15(Int32 i)
20131025 22:13:17.2860 2 57 Error PageRenderer | INNER  System.Web.HttpParseException (0x80004005): The code block is missing a closing "}" character.  Make sure you have a matching "}" character for all the "{" characters within this block, and that none of the "}" characters are being interpreted as markup.

   at Composite.Plugins.Functions.FunctionProviders.FileBasedFunctionProvider.NotLoadedFileBasedFunction`1.Execute(ParameterList parameters, FunctionContextContainer context)
   at Composite.Functions.Foundation.PluginFacades.FunctionWrapper.Execute(ParameterList parameters, FunctionContextContainer context)
   at Composite.Functions.FunctionRuntimeTreeNode.GetValue(FunctionContextContainer contextContainer)
20131025 22:59:48.9876 2 35 Error FileBasedFunctionProvider  Error instantiating ProjectGallery function
20131025 22:59:48.9896 2 35 Error FileBasedFunctionProvider  System.Web.HttpParseException (0x80004005): The code block is missing a closing "}" character.  Make sure you have a matching "}" character for all the "{" characters within this block, and that none of the "}" characters are being interpreted as markup.

   at System.Web.WebPages.Razor.RazorBuildProvider.EnsureGeneratedCode()
   at System.Web.WebPages.Razor.RazorBuildProvider.get_CodeCompilerType()
   at System.Web.Compilation.BuildProvider.GetCompilerTypeFromBuildProvider(BuildProvider buildProvider)
   at System.Web.Compilation.BuildProvidersCompiler.ProcessBuildProviders()
   at System.Web.Compilation.BuildProvidersCompiler.PerformBuild()
   at System.Web.Compilation.BuildManager.CompileWebFile(VirtualPath virtualPath)
   at System.Web.Compilation.BuildManager.GetVPathBuildResultInternal(VirtualPath virtualPath, Boolean noBuild, Boolean allowCrossApp, Boolean allowBuildInPrecompile, Boolean throwIfNotFound, Boolean ensureIsUpToDate)
   at System.Web.Compilation.BuildManager.GetVPathBuildResultWithNoAssert(HttpContext context, VirtualPath virtualPath, Boolean noBuild, Boolean allowCrossApp, Boolean allowBuildInPrecompile, Boolean throwIfNotFound, Boolean ensureIsUpToDate)
   at System.Web.Compilation.BuildManager.GetVirtualPathObjectFactory(VirtualPath virtualPath, HttpContext context, Boolean allowCrossApp, Boolean throwIfNotFound)
   at System.Web.Compilation.BuildManager.CreateInstanceFromVirtualPath(VirtualPath virtualPath, Type requiredBaseType, HttpContext context, Boolean allowCrossApp)
   at System.Web.Compilation.BuildManager.CreateInstanceFromVirtualPath(String virtualPath, Type requiredBaseType)
   at System.Web.WebPages.BuildManagerWrapper.CreateInstanceOfType[T](String virtualPath)
   at System.Web.WebPages.VirtualPathFactoryExtensions.CreateInstance[T](IVirtualPathFactory factory, String virtualPath)
   at System.Web.WebPages.VirtualPathFactoryManager.CreateInstanceOfType[T](String virtualPath)
   at System.Web.WebPages.VirtualPathFactoryExtensions.CreateInstance[T](IVirtualPathFactory factory, String virtualPath)
   at System.Web.WebPages.WebPageBase.CreateInstanceFromVirtualPath(String virtualPath, IVirtualPathFactory virtualPathFactory)
   at Composite.Plugins.Functions.FunctionProviders.RazorFunctionProvider.RazorFunctionProvider.InstantiateFunction(String virtualPath, String namespace, String name)
   at Composite.Plugins.Functions.FunctionProviders.FileBasedFunctionProvider.FileBasedFunctionProvider`1.get_Functions()
20131025 22:59:53.9699 2 38 Error PageRenderer  Failed to execute function: Rain.ProjectGallery
20131025 22:59:53.9709 2 38 Error PageRenderer  System.InvalidOperationException: Failed to get value for function 'Rain.ProjectGallery' ---> System.Web.HttpParseException: The code block is missing a closing "}" character.  Make sure you have a matching "}" character for all the "{" characters within this block, and that none of the "}" characters are being interpreted as markup.

   at Composite.Plugins.Functions.FunctionProviders.FileBasedFunctionProvider.NotLoadedFileBasedFunction`1.Execute(ParameterList parameters, FunctionContextContainer context)
   at Composite.Functions.Foundation.PluginFacades.FunctionWrapper.Execute(ParameterList parameters, FunctionContextContainer context)
   at Composite.Functions.FunctionRuntimeTreeNode.GetValue(FunctionContextContainer contextContainer)
   --- End of inner exception stack trace ---
   at Composite.Functions.FunctionRuntimeTreeNode.GetValue(FunctionContextContainer contextContainer)
   at Composite.Core.WebClient.Renderings.Page.PageRenderer.<>c__DisplayClass19.<ExecuteEmbeddedFunctions>b__15(Int32 i)
20131025 22:59:53.9709 2 38 Error PageRenderer | INNER  System.Web.HttpParseException (0x80004005): The code block is missing a closing "}" character.  Make sure you have a matching "}" character for all the "{" characters within this block, and that none of the "}" characters are being interpreted as markup.

   at Composite.Plugins.Functions.FunctionProviders.FileBasedFunctionProvider.NotLoadedFileBasedFunction`1.Execute(ParameterList parameters, FunctionContextContainer context)
   at Composite.Functions.Foundation.PluginFacades.FunctionWrapper.Execute(ParameterList parameters, FunctionContextContainer context)
   at Composite.Functions.FunctionRuntimeTreeNode.GetValue(FunctionContextContainer contextContainer)
20131025 23:03:36.2646 2 20 Error FileBasedFunctionProvider  Error instantiating ProjectGallery function
20131025 23:03:36.2756 2 20 Error FileBasedFunctionProvider  System.Web.HttpCompileException (0x80004005): d:\itme\interior\Website\App_Data\Razor\Rain\ProjectGallery.cshtml(44): error CS1002: ; expected
   at System.Web.Compilation.AssemblyBuilder.Compile()
   at System.Web.Compilation.BuildProvidersCompiler.PerformBuild()
   at System.Web.Compilation.BuildManager.CompileWebFile(VirtualPath virtualPath)
   at System.Web.Compilation.BuildManager.GetVPathBuildResultInternal(VirtualPath virtualPath, Boolean noBuild, Boolean allowCrossApp, Boolean allowBuildInPrecompile, Boolean throwIfNotFound, Boolean ensureIsUpToDate)
   at System.Web.Compilation.BuildManager.GetVPathBuildResultWithNoAssert(HttpContext context, VirtualPath virtualPath, Boolean noBuild, Boolean allowCrossApp, Boolean allowBuildInPrecompile, Boolean throwIfNotFound, Boolean ensureIsUpToDate)
   at System.Web.Compilation.BuildManager.GetVirtualPathObjectFactory(VirtualPath virtualPath, HttpContext context, Boolean allowCrossApp, Boolean throwIfNotFound)
   at System.Web.Compilation.BuildManager.CreateInstanceFromVirtualPath(VirtualPath virtualPath, Type requiredBaseType, HttpContext context, Boolean allowCrossApp)
   at System.Web.Compilation.BuildManager.CreateInstanceFromVirtualPath(String virtualPath, Type requiredBaseType)
   at System.Web.WebPages.BuildManagerWrapper.CreateInstanceOfType[T](String virtualPath)
   at System.Web.WebPages.VirtualPathFactoryExtensions.CreateInstance[T](IVirtualPathFactory factory, String virtualPath)
   at System.Web.WebPages.VirtualPathFactoryManager.CreateInstanceOfType[T](String virtualPath)
   at System.Web.WebPages.VirtualPathFactoryExtensions.CreateInstance[T](IVirtualPathFactory factory, String virtualPath)
   at System.Web.WebPages.WebPageBase.CreateInstanceFromVirtualPath(String virtualPath, IVirtualPathFactory virtualPathFactory)
   at Composite.Plugins.Functions.FunctionProviders.RazorFunctionProvider.RazorFunctionProvider.InstantiateFunction(String virtualPath, String namespace, String name)
   at Composite.Plugins.Functions.FunctionProviders.FileBasedFunctionProvider.FileBasedFunctionProvider`1.get_Functions()
20131025 23:03:37.3547 2 37 Error PageRenderer  Failed to execute function: Rain.ProjectGallery
20131025 23:03:37.3557 2 37 Error PageRenderer  System.InvalidOperationException: Failed to get value for function 'Rain.ProjectGallery' ---> System.Web.HttpCompileException: d:\itme\interior\Website\App_Data\Razor\Rain\ProjectGallery.cshtml(44): error CS1002: ; expected
   at Composite.Plugins.Functions.FunctionProviders.FileBasedFunctionProvider.NotLoadedFileBasedFunction`1.Execute(ParameterList parameters, FunctionContextContainer context)
   at Composite.Functions.Foundation.PluginFacades.FunctionWrapper.Execute(ParameterList parameters, FunctionContextContainer context)
   at Composite.Functions.FunctionRuntimeTreeNode.GetValue(FunctionContextContainer contextContainer)
   --- End of inner exception stack trace ---
   at Composite.Functions.FunctionRuntimeTreeNode.GetValue(FunctionContextContainer contextContainer)
   at Composite.Core.WebClient.Renderings.Page.PageRenderer.<>c__DisplayClass19.<ExecuteEmbeddedFunctions>b__15(Int32 i)
20131025 23:03:37.3567 2 37 Error PageRenderer | INNER  System.Web.HttpCompileException (0x80004005): d:\itme\interior\Website\App_Data\Razor\Rain\ProjectGallery.cshtml(44): error CS1002: ; expected
   at Composite.Plugins.Functions.FunctionProviders.FileBasedFunctionProvider.NotLoadedFileBasedFunction`1.Execute(ParameterList parameters, FunctionContextContainer context)
   at Composite.Functions.Foundation.PluginFacades.FunctionWrapper.Execute(ParameterList parameters, FunctionContextContainer context)
   at Composite.Functions.FunctionRuntimeTreeNode.GetValue(FunctionContextContainer contextContainer)
